0 info it worked if it ends with ok
1 verbose cli [ 'C:\\SWDTOOLS\\nodejs\\node.exe',
1 verbose cli   'C:\\Users\\43960362\\AppData\\Roaming\\npm\\node_modules\\npm\\bin\\npm-cli.js',
1 verbose cli   'i',
1 verbose cli   'babel-plugin-class-name' ]
2 info using npm@4.0.5
3 info using node@v5.7.0
4 silly loadCurrentTree Starting
5 silly install loadCurrentTree
6 silly install readLocalPackageData
7 silly fetchPackageMetaData babel-plugin-class-name@1.2.0
8 silly fetchNamedPackageData babel-plugin-class-name
9 silly mapToRegistry name babel-plugin-class-name
10 silly mapToRegistry using default registry
11 silly mapToRegistry registry https://registry.npmjs.org/
12 silly mapToRegistry data Result {
12 silly mapToRegistry   raw: 'babel-plugin-class-name',
12 silly mapToRegistry   scope: null,
12 silly mapToRegistry   escapedName: 'babel-plugin-class-name',
12 silly mapToRegistry   name: 'babel-plugin-class-name',
12 silly mapToRegistry   rawSpec: '',
12 silly mapToRegistry   spec: 'latest',
12 silly mapToRegistry   type: 'tag' }
13 silly mapToRegistry uri https://registry.npmjs.org/babel-plugin-class-name
14 verbose request uri https://registry.npmjs.org/babel-plugin-class-name
15 verbose request no auth needed
16 info attempt registry request try #1 at 18:55:39
17 verbose request id 3991610fa8aaf244
18 verbose etag W/"5539571e-aa0"
19 verbose lastModified Thu, 23 Apr 2015 20:33:34 GMT
20 http request GET https://registry.npmjs.org/babel-plugin-class-name
21 http 304 https://registry.npmjs.org/babel-plugin-class-name
22 verbose headers { date: 'Tue, 27 Dec 2016 10:55:39 GMT',
22 verbose headers   via: '1.1 varnish',
22 verbose headers   'cache-control': 'max-age=300',
22 verbose headers   etag: 'W/"5539571e-aa0"',
22 verbose headers   age: '0',
22 verbose headers   connection: 'close',
22 verbose headers   'x-served-by': 'cache-hkg6821-HKG',
22 verbose headers   'x-cache': 'MISS',
22 verbose headers   'x-cache-hits': '0',
22 verbose headers   'x-timer': 'S1482836139.903488,VS0,VE164',
22 verbose headers   vary: 'Accept-Encoding' }
23 silly get cb [ 304,
23 silly get   { date: 'Tue, 27 Dec 2016 10:55:39 GMT',
23 silly get     via: '1.1 varnish',
23 silly get     'cache-control': 'max-age=300',
23 silly get     etag: 'W/"5539571e-aa0"',
23 silly get     age: '0',
23 silly get     connection: 'close',
23 silly get     'x-served-by': 'cache-hkg6821-HKG',
23 silly get     'x-cache': 'MISS',
23 silly get     'x-cache-hits': '0',
23 silly get     'x-timer': 'S1482836139.903488,VS0,VE164',
23 silly get     vary: 'Accept-Encoding' } ]
24 verbose etag https://registry.npmjs.org/babel-plugin-class-name from cache
25 verbose get saving babel-plugin-class-name to C:\Users\43960362\AppData\Roaming\npm-cache\registry.npmjs.org\babel-plugin-class-name\.cache.json
26 verbose correctMkdir C:\Users\43960362\AppData\Roaming\npm-cache correctMkdir not in flight; initializing
27 silly fetchNamedPackageData No valid target from cache, forcing network
28 verbose request uri https://registry.npmjs.org/babel-plugin-class-name
29 verbose request no auth needed
30 info attempt registry request try #1 at 18:55:40
31 http request GET https://registry.npmjs.org/babel-plugin-class-name
32 http 200 https://registry.npmjs.org/babel-plugin-class-name
33 verbose headers { server: 'nginx/1.10.1',
33 verbose headers   'content-type': 'application/json',
33 verbose headers   'last-modified': 'Thu, 23 Apr 2015 20:33:34 GMT',
33 verbose headers   etag: 'W/"5539571e-aa0"',
33 verbose headers   'content-encoding': 'gzip',
33 verbose headers   'cache-control': 'max-age=300',
33 verbose headers   'content-length': '708',
33 verbose headers   'accept-ranges': 'bytes',
33 verbose headers   date: 'Tue, 27 Dec 2016 10:55:40 GMT',
33 verbose headers   via: '1.1 varnish',
33 verbose headers   age: '0',
33 verbose headers   connection: 'close',
33 verbose headers   'x-served-by': 'cache-hkg6825-HKG',
33 verbose headers   'x-cache': 'HIT',
33 verbose headers   'x-cache-hits': '1',
33 verbose headers   'x-timer': 'S1482836140.190024,VS0,VE0',
33 verbose headers   vary: 'Accept-Encoding' }
34 silly get cb [ 200,
34 silly get   { server: 'nginx/1.10.1',
34 silly get     'content-type': 'application/json',
34 silly get     'last-modified': 'Thu, 23 Apr 2015 20:33:34 GMT',
34 silly get     etag: 'W/"5539571e-aa0"',
34 silly get     'content-encoding': 'gzip',
34 silly get     'cache-control': 'max-age=300',
34 silly get     'content-length': '708',
34 silly get     'accept-ranges': 'bytes',
34 silly get     date: 'Tue, 27 Dec 2016 10:55:40 GMT',
34 silly get     via: '1.1 varnish',
34 silly get     age: '0',
34 silly get     connection: 'close',
34 silly get     'x-served-by': 'cache-hkg6825-HKG',
34 silly get     'x-cache': 'HIT',
34 silly get     'x-cache-hits': '1',
34 silly get     'x-timer': 'S1482836140.190024,VS0,VE0',
34 silly get     vary: 'Accept-Encoding' } ]
35 verbose get saving babel-plugin-class-name to C:\Users\43960362\AppData\Roaming\npm-cache\registry.npmjs.org\babel-plugin-class-name\.cache.json
36 verbose correctMkdir C:\Users\43960362\AppData\Roaming\npm-cache correctMkdir not in flight; initializing
37 silly fetchPackageMetaData Error: No compatible version found: babel-plugin-class-name@1.2.0
37 silly fetchPackageMetaData Valid install targets:
37 silly fetchPackageMetaData 1.1.0, 1.0.1
37 silly fetchPackageMetaData
37 silly fetchPackageMetaData     at pickVersionFromRegistryDocument (C:\Users\43960362\AppData\Roaming\npm\node_modules\npm\lib\fetch-package-metadata.js:178:16)
37 silly fetchPackageMetaData     at C:\Users\43960362\AppData\Roaming\npm\node_modules\npm\node_modules\iferr\index.js:13:50
37 silly fetchPackageMetaData     at C:\Users\43960362\AppData\Roaming\npm\node_modules\npm\lib\utils\pulse-till-done.js:20:8
37 silly fetchPackageMetaData     at saved (C:\Users\43960362\AppData\Roaming\npm\node_modules\npm\lib\cache\caching-client.js:174:7)
37 silly fetchPackageMetaData     at C:\Users\43960362\AppData\Roaming\npm\node_modules\npm\node_modules\graceful-fs\polyfills.js:261:18
37 silly fetchPackageMetaData     at FSReqWrap.oncomplete (fs.js:82:15)
37 silly fetchPackageMetaData  error for babel-plugin-class-name@1.2.0 { [Error: No compatible version found: babel-plugin-class-name@1.2.0
37 silly fetchPackageMetaData Valid install targets:
37 silly fetchPackageMetaData 1.1.0, 1.0.1
37 silly fetchPackageMetaData ] code: 'ETARGET' }
38 silly rollbackFailedOptional Starting
39 silly rollbackFailedOptional Finishing
40 silly runTopLevelLifecycles Finishing
41 silly install printInstalled
42 verbose stack Error: No compatible version found: babel-plugin-class-name@1.2.0
42 verbose stack Valid install targets:
42 verbose stack 1.1.0, 1.0.1
42 verbose stack
42 verbose stack     at pickVersionFromRegistryDocument (C:\Users\43960362\AppData\Roaming\npm\node_modules\npm\lib\fetch-package-metadata.js:178:16)
42 verbose stack     at C:\Users\43960362\AppData\Roaming\npm\node_modules\npm\node_modules\iferr\index.js:13:50
42 verbose stack     at C:\Users\43960362\AppData\Roaming\npm\node_modules\npm\lib\utils\pulse-till-done.js:20:8
42 verbose stack     at saved (C:\Users\43960362\AppData\Roaming\npm\node_modules\npm\lib\cache\caching-client.js:174:7)
42 verbose stack     at C:\Users\43960362\AppData\Roaming\npm\node_modules\npm\node_modules\graceful-fs\polyfills.js:261:18
42 verbose stack     at FSReqWrap.oncomplete (fs.js:82:15)
43 verbose cwd C:\Users\43960362\git-repo\babel-test
44 error Windows_NT 6.1.7601
45 error argv "C:\\SWDTOOLS\\nodejs\\node.exe" "C:\\Users\\43960362\\AppData\\Roaming\\npm\\node_modules\\npm\\bin\\npm-cli.js" "i" "babel-plugin-class-name"
46 error node v5.7.0
47 error npm  v4.0.5
48 error code ETARGET
49 error notarget No compatible version found: babel-plugin-class-name@1.2.0
49 error notarget Valid install targets:
49 error notarget 1.1.0, 1.0.1
50 error notarget This is most likely not a problem with npm itself.
50 error notarget In most cases you or one of your dependencies are requesting
50 error notarget a package version that doesn't exist.
51 verbose exit [ 1, true ]
